Build started 16.05.2016 20:25:41.
     1>Project "C:\Users\HARBİYE\Desktop\RSA_ALGORITHM_TOLGA_AKKAPULU_2012555001\RSA_ALGORITHM_TOLGA_AKKAPULU_2012555001\bgi.vcxproj" on node 2 (Build target(s)).
     1>Link:
         C:\Program Files (x86)\Microsoft Visual Studio 12.0\VC\bin\link.exe /ERRORREPORT:PROMPT /OUT:"C:\Users\HARBİYE\Desktop\RSA_ALGORITHM_TOLGA_AKKAPULU_2012555001\RSA_ALGORITHM_TOLGA_AKKAPULU_2012555001\Debug\bgi.exe" /INCREMENTAL /NOLOGO kernel32.lib user32.lib gdi32.lib winspool.lib comdlg32.lib advapi32.lib shell32.lib ole32.lib oleaut32.lib uuid.lib odbc32.lib odbccp32.lib /MANIFEST /MANIFESTUAC:"level='asInvoker' uiAccess='false'" /manifest:embed /DEBUG /PDB:"C:\Users\HARBİYE\Desktop\RSA_ALGORITHM_TOLGA_AKKAPULU_2012555001\RSA_ALGORITHM_TOLGA_AKKAPULU_2012555001\Debug\bgi.pdb" /TLBID:1 /DYNAMICBASE /NXCOMPAT /IMPLIB:"C:\Users\HARBİYE\Desktop\RSA_ALGORITHM_TOLGA_AKKAPULU_2012555001\RSA_ALGORITHM_TOLGA_AKKAPULU_2012555001\Debug\bgi.lib" /MACHINE:X86 Debug\bgiout.obj
         Debug\dibutil.obj
         Debug\drawing.obj
         Debug\file.obj
         Debug\misc.obj
         Debug\mouse.obj
         Debug\palette.obj
         Debug\main.obj
         Debug\rsa_algorithm.obj
         Debug\text.obj
         Debug\winbgi.obj
         Debug\winthread.obj
         LINK : C:\Users\HARBİYE\Desktop\RSA_ALGORITHM_TOLGA_AKKAPULU_2012555001\RSA_ALGORITHM_TOLGA_AKKAPULU_2012555001\Debug\bgi.exe not found or not built by the last incremental link; performing full link
     1>LINK : warning LNK4031: no subsystem specified; CONSOLE assumed
         bgi.vcxproj -> C:\Users\HARBİYE\Desktop\RSA_ALGORITHM_TOLGA_AKKAPULU_2012555001\RSA_ALGORITHM_TOLGA_AKKAPULU_2012555001\Debug\bgi.exe
     1>Done Building Project "C:\Users\HARBİYE\Desktop\RSA_ALGORITHM_TOLGA_AKKAPULU_2012555001\RSA_ALGORITHM_TOLGA_AKKAPULU_2012555001\bgi.vcxproj" (Build target(s)).

Build succeeded.

Time Elapsed 00:00:01.37
