c:\documents and settıngs\admınıstrator\my documents\vısual studıo 2010\projects\bgı\debug\vc100.pdb
c:\documents and settıngs\admınıstrator\my documents\vısual studıo 2010\projects\bgı\debug\bgıout.obj
c:\documents and settıngs\admınıstrator\my documents\vısual studıo 2010\projects\bgı\debug\wınthread.obj
c:\documents and settıngs\admınıstrator\my documents\vısual studıo 2010\projects\bgı\debug\bgı.obj
c:\documents and settıngs\admınıstrator\my documents\vısual studıo 2010\projects\bgı\debug\drawıng.obj
c:\documents and settıngs\admınıstrator\my documents\vısual studıo 2010\projects\bgı\debug\mısc.obj
c:\documents and settıngs\admınıstrator\my documents\vısual studıo 2010\projects\bgı\debug\mouse.obj
c:\documents and settıngs\admınıstrator\my documents\vısual studıo 2010\projects\bgı\debug\palette.obj
c:\documents and settıngs\admınıstrator\my documents\vısual studıo 2010\projects\bgı\debug\text.obj
c:\documents and settıngs\admınıstrator\my documents\vısual studıo 2010\projects\bgı\debug\wınbgı.obj
c:\documents and settıngs\admınıstrator\my documents\vısual studıo 2010\projects\bgı\debug\dıbutıl.obj
c:\documents and settıngs\admınıstrator\my documents\vısual studıo 2010\projects\bgı\debug\fıle.obj
c:\documents and settıngs\admınıstrator\my documents\vısual studıo 2010\projects\bgı\debug\test-colors.obj
c:\documents and settıngs\admınıstrator\my documents\vısual studıo 2010\projects\bgı\debug\maın.obj
c:\documents and settıngs\admınıstrator\my documents\vısual studıo 2010\projects\bgı\debug\bgı.ılk
c:\documents and settıngs\admınıstrator\my documents\vısual studıo 2010\projects\bgı\debug\bgı.exe
c:\documents and settıngs\admınıstrator\my documents\vısual studıo 2010\projects\bgı\debug\bgı.exe.ıntermedıate.manıfest
c:\documents and settıngs\admınıstrator\my documents\vısual studıo 2010\projects\bgı\debug\bgı.pdb
c:\users\harbiye\desktop\rsa algorithm\debug\vc120.pdb
c:\users\harbiye\desktop\rsa algorithm\debug\vc120.ıdb
c:\users\harbiye\desktop\rsa algorithm\debug\bgıout.obj
c:\users\harbiye\desktop\rsa algorithm\debug\dıbutıl.obj
c:\users\harbiye\desktop\rsa algorithm\debug\drawıng.obj
c:\users\harbiye\desktop\rsa algorithm\debug\fıle.obj
c:\users\harbiye\desktop\rsa algorithm\debug\mısc.obj
c:\users\harbiye\desktop\rsa algorithm\debug\mouse.obj
c:\users\harbiye\desktop\rsa algorithm\debug\palette.obj
c:\users\harbiye\desktop\rsa algorithm\debug\maın.obj
c:\users\harbiye\desktop\rsa algorithm\debug\rsa_algorıthm.obj
c:\users\harbiye\desktop\rsa algorithm\debug\text.obj
c:\users\harbiye\desktop\rsa algorithm\debug\wınbgı.obj
c:\users\harbiye\desktop\rsa algorithm\debug\wınthread.obj
c:\users\harbiye\desktop\rsa algorithm\debug\bgı.ılk
c:\users\harbiye\desktop\rsa algorithm\debug\bgı.exe
c:\users\harbiye\desktop\rsa algorithm\debug\bgı.pdb
c:\users\harbiye\desktop\rsa algorithm\debug\bgi.obj
c:\users\harbiye\desktop\rsa algorithm\debug\bgiout.obj
c:\users\harbiye\desktop\rsa algorithm\debug\dibutil.obj
c:\users\harbiye\desktop\rsa algorithm\debug\drawing.obj
c:\users\harbiye\desktop\rsa algorithm\debug\file.obj
c:\users\harbiye\desktop\rsa algorithm\debug\main.obj
c:\users\harbiye\desktop\rsa algorithm\debug\misc.obj
c:\users\harbiye\desktop\rsa algorithm\debug\rsa_algorithm.obj
c:\users\harbiye\desktop\rsa algorithm\debug\test-colors.obj
c:\users\harbiye\desktop\rsa algorithm\debug\winbgi.obj
c:\users\harbiye\desktop\rsa algorithm\debug\winthread.obj
c:\users\harbiye\desktop\rsa algorithm\debug\bgi.ilk
c:\users\harbiye\desktop\rsa algorithm\debug\cl.command.1.tlog
c:\users\harbiye\desktop\rsa algorithm\debug\cl.read.1.tlog
c:\users\harbiye\desktop\rsa algorithm\debug\cl.write.1.tlog
c:\users\harbiye\desktop\rsa algorithm\debug\link.command.1.tlog
c:\users\harbiye\desktop\rsa algorithm\debug\link.read.1.tlog
c:\users\harbiye\desktop\rsa algorithm\debug\link.write.1.tlog
c:\users\harbiye\desktop\rsa algorithm\debug\mt.command.1.tlog
c:\users\harbiye\desktop\rsa algorithm\debug\mt.read.1.tlog
c:\users\harbiye\desktop\rsa algorithm\debug\mt.write.1.tlog
c:\users\harbiye\desktop\rsa algorithm\debug\bgi.exe.intermediate.manifest
c:\users\harbiye\desktop\rsa algorithm\debug\vc100.idb
c:\users\harbiye\desktop\rsa algorithm\debug\vc120.idb
c:\users\harbiye\desktop\rsa algorithm\debug\bgi.pdb
c:\users\harbiye\desktop\rsa algorithm\debug\vc100.pdb
c:\users\harbiye\desktop\rsa algorithm\debug\bgi.exe
c:\users\harbiye\desktop\rsa algorithm\debug\bgi.tlog\cl.command.1.tlog
c:\users\harbiye\desktop\rsa algorithm\debug\bgi.tlog\cl.read.1.tlog
c:\users\harbiye\desktop\rsa algorithm\debug\bgi.tlog\cl.write.1.tlog
c:\users\harbiye\desktop\rsa algorithm\debug\bgi.tlog\link.command.1.tlog
c:\users\harbiye\desktop\rsa algorithm\debug\bgi.tlog\link.read.1.tlog
c:\users\harbiye\desktop\rsa algorithm\debug\bgi.tlog\link.write.1.tlog
